time=2025-10-08T14:43:49.328+01:00 level=INFO msg="Using File Todo Store" trace_id=""
time=2025-10-08T14:43:54.888+01:00 level=INFO msg="HTTP Request:" method=GET path=/v1/todos/ trace_id=d3a88a13-69e9-4a55-a2ec-3b34ffbd1417
time=2025-10-08T14:43:54.888+01:00 level=INFO msg="Endpoint called" endpoint=GetAllTodos trace_id=d3a88a13-69e9-4a55-a2ec-3b34ffbd1417
time=2025-10-08T14:43:54.888+01:00 level=INFO msg="JSONFileTodoStore: GetAllTodos called" trace_id=d3a88a13-69e9-4a55-a2ec-3b34ffbd1417
time=2025-10-08T14:44:03.713+01:00 level=INFO msg="HTTP Request:" method=POST path=/v1/todos/ trace_id=590f0906-b343-4cf8-99d8-0b67b67f0d6c
time=2025-10-08T14:44:03.713+01:00 level=INFO msg="Endpoint called" endpoint=AddTodo trace_id=590f0906-b343-4cf8-99d8-0b67b67f0d6c
time=2025-10-08T14:44:03.713+01:00 level=INFO msg="JSONFileTodoStore: AddTodo called" trace_id=590f0906-b343-4cf8-99d8-0b67b67f0d6c
time=2025-10-08T14:44:04.594+01:00 level=INFO msg="HTTP Request:" method=GET path=/v1/todos/ trace_id=d5220bd3-ebdb-4e43-b61a-8fddec17b568
time=2025-10-08T14:44:04.594+01:00 level=INFO msg="Endpoint called" endpoint=GetAllTodos trace_id=d5220bd3-ebdb-4e43-b61a-8fddec17b568
time=2025-10-08T14:44:04.594+01:00 level=INFO msg="JSONFileTodoStore: GetAllTodos called" trace_id=d5220bd3-ebdb-4e43-b61a-8fddec17b568
time=2025-10-08T14:44:26.966+01:00 level=INFO msg="Using File Todo Store" trace_id=""
time=2025-10-08T14:44:35.935+01:00 level=INFO msg="HTTP Request:" method=GET path=/v1/todos/ trace_id=b34f2f3d-5e0a-4772-b68d-7a3b2cb212dd
time=2025-10-08T14:44:35.935+01:00 level=INFO msg="Endpoint called" endpoint=GetAllTodos trace_id=b34f2f3d-5e0a-4772-b68d-7a3b2cb212dd
time=2025-10-08T14:44:35.935+01:00 level=INFO msg="JSONFileTodoStore: GetAllTodos called" trace_id=b34f2f3d-5e0a-4772-b68d-7a3b2cb212dd
time=2025-10-08T20:40:58.810+01:00 level=INFO msg="HTTP Request:" method=GET path=/v1/todos/ trace_id=825004a9-f0a4-4aed-875c-0e6e8275b233
time=2025-10-08T20:40:58.811+01:00 level=INFO msg="Endpoint called" endpoint=GetAllTodos trace_id=825004a9-f0a4-4aed-875c-0e6e8275b233
time=2025-10-08T20:40:58.811+01:00 level=INFO msg="JSONFileTodoStore: GetAllTodos called" trace_id=825004a9-f0a4-4aed-875c-0e6e8275b233
time=2025-10-08T20:41:03.056+01:00 level=INFO msg="HTTP Request:" method=GET path=/v1/todos/ trace_id=f66fea05-c0fb-4409-a5d5-c7532c233afc
time=2025-10-08T20:41:03.056+01:00 level=INFO msg="Endpoint called" endpoint=GetAllTodos trace_id=f66fea05-c0fb-4409-a5d5-c7532c233afc
time=2025-10-08T20:41:03.056+01:00 level=INFO msg="JSONFileTodoStore: GetAllTodos called" trace_id=f66fea05-c0fb-4409-a5d5-c7532c233afc
time=2025-10-08T20:41:22.509+01:00 level=INFO msg="HTTP Request:" method=GET path=/v1/todos/3e6ee309-126b-4112-b7b5-9d770c8a982b trace_id=65f9fc6a-4fa3-49e2-a285-421a32603b5a
time=2025-10-08T20:41:22.509+01:00 level=INFO msg="Endpoint called" endpoint=GetTodo todo_id=3e6ee309-126b-4112-b7b5-9d770c8a982b trace_id=65f9fc6a-4fa3-49e2-a285-421a32603b5a
time=2025-10-08T20:41:22.509+01:00 level=INFO msg="JSONFileTodoStore: GetTodo called" todo_id=3e6ee309-126b-4112-b7b5-9d770c8a982b trace_id=65f9fc6a-4fa3-49e2-a285-421a32603b5a
time=2025-10-08T20:41:54.368+01:00 level=INFO msg="HTTP Request:" method=GET path=/v1/todos/ trace_id=70a6feef-c34f-4988-abb6-95b2907ee5c5
time=2025-10-08T20:41:54.369+01:00 level=INFO msg="Endpoint called" endpoint=GetAllTodos trace_id=70a6feef-c34f-4988-abb6-95b2907ee5c5
time=2025-10-08T20:41:54.369+01:00 level=INFO msg="JSONFileTodoStore: GetAllTodos called" trace_id=70a6feef-c34f-4988-abb6-95b2907ee5c5
